#separator \x09
#set_separator	,
#empty_field	(empty)
#unset_field	-
#fields	query	count
#types	string	count
{"nm":"redmi note 9 pro","as":"[8194]","ip":"72"}._mi-connect._udp.local	37
tracking-protection.prod.mozaws.net	14
_mi-connect._udp.local	14
prod.ingestion-edge.prod.dataops.mozgcp.net	11
api.snapcraft.io	11
_sleep-proxy._udp.local	10
iphone anna._rdlink._tcp.local	8
workgroup.beeline	8
canonical-lgw01.cdn.snapcraftcontent.com	7
fp2e7a.wpc.phicdn.net	7
ipv4only.arpa	4
fonts.gstatic.com	4
google.com	3
r3.o.lencr.org	3
bc681e96c161a81a101d42d7dde92e60.clo.footprintdns.com	3
LAPTOP-LRGMFDLI	3
www.google.com	3
WORKGROUP	3
_raop._tcp.local	2
autopush.prod.mozaws.net	2
api.passport.yandex.ru	2
static-mon.yandex.net	2
location.services.mozilla.com	2
classify-client.services.mozilla.com	2
www.googleadservices.com	2
yandex.ru	2
raw.githubusercontent.com	2
an.yandex.ru	2
changelogs.ubuntu.com	2
firefox-settings-attachments.cdn.mozilla.net	2
connectivity-check.ubuntu.com	2
adservice.google.com	2
uxfeedback-cdn.s3.yandex.net	2
f59e06a3-46ab-4f9e-be3d-483ebaf4ed80.local	2
ssl.gstatic.com	2
ksn-url-geo.kaspersky-labs.com	2
www.avito.ru	2
contile.services.mozilla.com	2
passport.yandex.ru	2
mail.yandex.ru	2
ciscobinary.openh264.org	2
user-images.githubusercontent.com	2
ads.adfox.ru	2
upics.yandex.net	2
push.services.mozilla.com	2
lh3.google.com	2
clients4.google.com	2
tavern.mail.yandex.ru	2
15.2.0.10.in-addr.arpa	2
firefox.settings.services.mozilla.com	2
www.aliexpress.com	2
www.youtube.com	2
ocsp.digicert.com	2
shavar.services.mozilla.com	2
content-signature-2.cdn.mozilla.net	2
www.mozilla.org	2
id.google.com	2
play.google.com	2
github.com	2
accounts.firefox.com	2
services.addons.mozilla.org	2
webattach.mail.yandex.net	2
api.uxfeedback.yandex.net	2
aus5.mozilla.org	2
push.yandex.ru	2
beacons.gcp.gvt2.com	2
avatars.mds.yandex.net	2
www.wikipedia.org	2
example.org	2
incoming.telemetry.mozilla.org	2
tracking-protection.cdn.mozilla.net	2
github-cloud.s3.amazonaws.com	2
lh5.googleusercontent.com	2
favicon.yandex.net	2
69830279-face-46f9-bfdd-0a051add7a87.local	2
yastatic.net	2
e2c15.gcp.gvt2.com	2
beacons4.gvt2.com	2
www.googleapis.com	2
514dfa46-3491-419b-91c8-8314b39e8438.local	2
sb-ssl.google.com	2
detectportal.firefox.com	2
cloud-api.yandex.ru	2
mozilla.cloudflare-dns.com	2
normandy.cdn.mozilla.net	2
mc.yandex.ru	2
prod.balrog.prod.cloudops.mozgcp.net	1
sitereview.zscaler.com	1
prod-classifyclient.normandy.prod.cloudops.mozgcp.net	1
forcesafesearch.google.com	1
youtube.googleapis.com	1
fennec-catalog-cdn.prod.mozaws.net	1
normandy-cdn.services.mozilla.com	1
restrictmoderate.youtube.com	1
www.youtube-nocookie.com	1
dc1.ksn.kaspersky-labs.com	1
youtubei.googleapis.com	1
use-application-dns.net	1
lcs-ulecs.adobe.io	1
_ldap._tcp.dc._msdcs.workgroup.beeline	1
www.mozorg.moz.works	1
m.youtube.com	1
locprod2-elb-us-west-2.prod.mozaws.net	1
ocsp.globalsign.com	1
restrict.youtube.com	1
shavar.prod.mozaws.net	1
e11964.x.akamaiedge.net	1
clients2.google.com	1
fp-afd.azureedge.net	1
